Using pre-set license
Built from '2020.3/staging' branch; Version is '2020.3.0f1 (c7b5465681fb) revision 13088070'; Using compiler version '192528614'; Build Type 'Release'
OS: 'Windows 10 Pro; OS build 18363.1440; Version 1909; 64bit' Language: 'ru' Physical Memory: 16300 MB
BatchMode: 1, IsHumanControllingUs: 0, StartBugReporterOnCrash: 0, Is64bit: 1, IsPro: 0

 COMMAND LINE ARGUMENTS:
C:\Program Files\Unity\Hub\Editor\2020.3.0f1\Editor\Unity.exe
-adb2
-batchMode
-noUpm
-name
AssetImportWorker0
-projectPath
D:/Github/Construktor/The game/The-game/The game
-logFile
Logs/AssetImportWorker0.log
-srvPort
64907
Successfully changed project path to: D:/Github/Construktor/The game/The-game/The game
D:/Github/Construktor/The game/The-game/The game
Using Asset Import Pipeline V2.
Refreshing native plugins compatible for Editor in 23.76 ms, found 1 plugins.
Preloading 0 native plugins for Editor in 0.00 ms.
Initialize engine version: 2020.3.0f1 (c7b5465681fb)
[Subsystems] Discovering subsystems at path C:/Program Files/Unity/Hub/Editor/2020.3.0f1/Editor/Data/Resources/UnitySubsystems
[Subsystems] Discovering subsystems at path D:/Github/Construktor/The game/The-game/The game/Assets
GfxDevice: creating device client; threaded=0
Direct3D:
    Version:  Direct3D 11.0 [level 11.1]
    Renderer: NVIDIA GeForce GTX 1070 Ti (ID=0x1b82)
    Vendor:   
    VRAM:     8079 MB
    Driver:   27.21.14.5751
Initialize mono
Mono path[0] = 'C:/Program Files/Unity/Hub/Editor/2020.3.0f1/Editor/Data/Managed'
Mono path[1] = 'C:/Program Files/Unity/Hub/Editor/2020.3.0f1/Editor/Data/MonoBleedingEdge/lib/mono/unityjit'
Mono config path = 'C:/Program Files/Unity/Hub/Editor/2020.3.0f1/Editor/Data/MonoBleedingEdge/etc'
Using monoOptions --debugger-agent=transport=dt_socket,embedding=1,server=y,suspend=n,address=127.0.0.1:56332
Begin MonoManager ReloadAssembly
Registering precompiled unity dll's ...
Register platform support module: C:/Program Files/Unity/Hub/Editor/2020.3.0f1/Editor/Data/PlaybackEngines/WindowsStandaloneSupport/UnityEditor.WindowsStandalone.Extensions.dll
Registered in 0.001582 seconds.
Native extension for WindowsStandalone target not found
Refreshing native plugins compatible for Editor in 22.25 ms, found 1 plugins.
Preloading 0 native plugins for Editor in 0.00 ms.
Invoked RoslynAnalysisRunner static constructor.
RoslynAnalysisRunner will not be running.
RoslynAnalysisRunner has terminated.
Mono: successfully reloaded assembly
- Completed reload, in  0.857 seconds
Platform modules already initialized, skipping
Registering precompiled user dll's ...
Registered in 0.004064 seconds.
Begin MonoManager ReloadAssembly
Native extension for WindowsStandalone target not found
Refreshing native plugins compatible for Editor in 0.29 ms, found 1 plugins.
Preloading 0 native plugins for Editor in 0.00 ms.
Invoked RoslynAnalysisRunner static constructor.
RoslynAnalysisRunner will not be running.
RoslynAnalysisRunner has terminated.
Mono: successfully reloaded assembly
- Completed reload, in  0.738 seconds
Platform modules already initialized, skipping
========================================================================
Worker process is ready to serve import requests
Launched and connected shader compiler UnityShaderCompiler.exe after 0.04 seconds
Refreshing native plugins compatible for Editor in 0.31 ms, found 1 plugins.
Preloading 0 native plugins for Editor in 0.00 ms.
Unloading 1130 Unused Serialized files (Serialized files now loaded: 0)
System memory in use before: 57.8 MB.
System memory in use after: 57.9 MB.

Unloading 26 unused Assets to reduce memory usage. Loaded Objects now: 1590.
Total: 1.714500 ms (FindLiveObjects: 0.110500 ms CreateObjectMapping: 0.037300 ms MarkObjects: 1.495900 ms  DeleteObjects: 0.070300 ms)

========================================================================
Received Import Request.
  path: Assets/Scenes
  artifactKey: Guid(66fea729311788b4cb59465937d259e8) Importer(815301076,1909f56bfc062723c751e8b465ee728b)
Start importing Assets/Scenes using Guid(66fea729311788b4cb59465937d259e8) Importer(815301076,1909f56bfc062723c751e8b465ee728b)  -> (artifact id: '45ba6ebb438be18b607579e7f08cc647') in 0.007089 seconds
  Import took 0.017157 seconds .

========================================================================
Received Import Request.
  Time since last request: 4.537386 seconds.
  path: Assets/Scenes/Level1.unity
  artifactKey: Guid(80e5ff8fdbb5a084296e97e2731f0bd0) Importer(815301076,1909f56bfc062723c751e8b465ee728b)
Start importing Assets/Scenes/Level1.unity using Guid(80e5ff8fdbb5a084296e97e2731f0bd0) Importer(815301076,1909f56bfc062723c751e8b465ee728b)  -> (artifact id: 'ff4c885ad92980383713e5c98183c7cb') in 0.009740 seconds
  Import took 0.011272 seconds .

========================================================================
Received Prepare
Registering precompiled user dll's ...
Registered in 0.003863 seconds.
Begin MonoManager ReloadAssembly
Native extension for WindowsStandalone target not found
Refreshing native plugins compatible for Editor in 0.29 ms, found 1 plugins.
Preloading 0 native plugins for Editor in 0.00 ms.
Invoked RoslynAnalysisRunner static constructor.
RoslynAnalysisRunner will not be running.
RoslynAnalysisRunner has terminated.
Mono: successfully reloaded assembly
- Completed reload, in  0.730 seconds
Platform modules already initialized, skipping
Refreshing native plugins compatible for Editor in 0.35 ms, found 1 plugins.
Preloading 0 native plugins for Editor in 0.00 ms.
Unloading 1125 Unused Serialized files (Serialized files now loaded: 0)
System memory in use before: 57.8 MB.
System memory in use after: 57.9 MB.

Unloading 21 unused Assets to reduce memory usage. Loaded Objects now: 1593.
Total: 1.444100 ms (FindLiveObjects: 0.107300 ms CreateObjectMapping: 0.029600 ms MarkObjects: 1.261800 ms  DeleteObjects: 0.044700 ms)

========================================================================
Received Prepare
Registering precompiled user dll's ...
Registered in 0.004185 seconds.
Begin MonoManager ReloadAssembly
Native extension for WindowsStandalone target not found
Refreshing native plugins compatible for Editor in 0.30 ms, found 1 plugins.
Preloading 0 native plugins for Editor in 0.00 ms.
Invoked RoslynAnalysisRunner static constructor.
RoslynAnalysisRunner will not be running.
RoslynAnalysisRunner has terminated.
Mono: successfully reloaded assembly
- Completed reload, in  0.742 seconds
Platform modules already initialized, skipping
Refreshing native plugins compatible for Editor in 0.36 ms, found 1 plugins.
Preloading 0 native plugins for Editor in 0.00 ms.
Unloading 1125 Unused Serialized files (Serialized files now loaded: 0)
System memory in use before: 57.8 MB.
System memory in use after: 57.9 MB.

Unloading 21 unused Assets to reduce memory usage. Loaded Objects now: 1596.
Total: 1.824900 ms (FindLiveObjects: 0.135900 ms CreateObjectMapping: 0.079800 ms MarkObjects: 1.539900 ms  DeleteObjects: 0.048600 ms)

========================================================================
Received Prepare
Registering precompiled user dll's ...
Registered in 0.004335 seconds.
Begin MonoManager ReloadAssembly
Native extension for WindowsStandalone target not found
Refreshing native plugins compatible for Editor in 0.29 ms, found 1 plugins.
Preloading 0 native plugins for Editor in 0.00 ms.
Invoked RoslynAnalysisRunner static constructor.
RoslynAnalysisRunner will not be running.
RoslynAnalysisRunner has terminated.
Mono: successfully reloaded assembly
- Completed reload, in  0.765 seconds
Platform modules already initialized, skipping
Refreshing native plugins compatible for Editor in 0.34 ms, found 1 plugins.
Preloading 0 native plugins for Editor in 0.00 ms.
Unloading 1125 Unused Serialized files (Serialized files now loaded: 0)
System memory in use before: 57.8 MB.
System memory in use after: 57.9 MB.

Unloading 21 unused Assets to reduce memory usage. Loaded Objects now: 1599.
Total: 1.542900 ms (FindLiveObjects: 0.133900 ms CreateObjectMapping: 0.065100 ms MarkObjects: 1.295400 ms  DeleteObjects: 0.047100 ms)

========================================================================
Received Prepare
Registering precompiled user dll's ...
Registered in 0.004103 seconds.
Begin MonoManager ReloadAssembly
Native extension for WindowsStandalone target not found
Refreshing native plugins compatible for Editor in 0.31 ms, found 1 plugins.
Preloading 0 native plugins for Editor in 0.00 ms.
Invoked RoslynAnalysisRunner static constructor.
RoslynAnalysisRunner will not be running.
RoslynAnalysisRunner has terminated.
Mono: successfully reloaded assembly
- Completed reload, in  0.737 seconds
Platform modules already initialized, skipping
Refreshing native plugins compatible for Editor in 0.45 ms, found 1 plugins.
Preloading 0 native plugins for Editor in 0.00 ms.
Unloading 1125 Unused Serialized files (Serialized files now loaded: 0)
System memory in use before: 57.8 MB.
System memory in use after: 57.9 MB.

Unloading 21 unused Assets to reduce memory usage. Loaded Objects now: 1602.
Total: 1.459400 ms (FindLiveObjects: 0.126800 ms CreateObjectMapping: 0.036500 ms MarkObjects: 1.223900 ms  DeleteObjects: 0.070500 ms)

========================================================================
Received Prepare
Registering precompiled user dll's ...
Registered in 0.004813 seconds.
Begin MonoManager ReloadAssembly
Native extension for WindowsStandalone target not found
Refreshing native plugins compatible for Editor in 0.31 ms, found 1 plugins.
Preloading 0 native plugins for Editor in 0.00 ms.
Invoked RoslynAnalysisRunner static constructor.
RoslynAnalysisRunner will not be running.
RoslynAnalysisRunner has terminated.
Mono: successfully reloaded assembly
- Completed reload, in  0.732 seconds
Platform modules already initialized, skipping
Refreshing native plugins compatible for Editor in 0.33 ms, found 1 plugins.
Preloading 0 native plugins for Editor in 0.00 ms.
Unloading 1125 Unused Serialized files (Serialized files now loaded: 0)
System memory in use before: 57.8 MB.
System memory in use after: 57.9 MB.

Unloading 21 unused Assets to reduce memory usage. Loaded Objects now: 1605.
Total: 1.771300 ms (FindLiveObjects: 0.116000 ms CreateObjectMapping: 0.035700 ms MarkObjects: 1.565700 ms  DeleteObjects: 0.052600 ms)

========================================================================
Received Prepare
Registering precompiled user dll's ...
Registered in 0.004366 seconds.
Begin MonoManager ReloadAssembly
Native extension for WindowsStandalone target not found
Refreshing native plugins compatible for Editor in 0.41 ms, found 1 plugins.
Preloading 0 native plugins for Editor in 0.00 ms.
Invoked RoslynAnalysisRunner static constructor.
RoslynAnalysisRunner will not be running.
RoslynAnalysisRunner has terminated.
Mono: successfully reloaded assembly
- Completed reload, in  0.763 seconds
Platform modules already initialized, skipping
Refreshing native plugins compatible for Editor in 1.63 ms, found 1 plugins.
Preloading 0 native plugins for Editor in 0.00 ms.
Unloading 1125 Unused Serialized files (Serialized files now loaded: 0)
System memory in use before: 57.8 MB.
System memory in use after: 57.9 MB.

Unloading 21 unused Assets to reduce memory usage. Loaded Objects now: 1608.
Total: 1.717700 ms (FindLiveObjects: 0.126300 ms CreateObjectMapping: 0.083300 ms MarkObjects: 1.459900 ms  DeleteObjects: 0.047100 ms)

========================================================================
Received Prepare
Registering precompiled user dll's ...
Registered in 0.004310 seconds.
Begin MonoManager ReloadAssembly
Native extension for WindowsStandalone target not found
Refreshing native plugins compatible for Editor in 0.32 ms, found 1 plugins.
Preloading 0 native plugins for Editor in 0.00 ms.
Invoked RoslynAnalysisRunner static constructor.
RoslynAnalysisRunner will not be running.
RoslynAnalysisRunner has terminated.
Mono: successfully reloaded assembly
- Completed reload, in  0.739 seconds
Platform modules already initialized, skipping
Refreshing native plugins compatible for Editor in 0.43 ms, found 1 plugins.
Preloading 0 native plugins for Editor in 0.00 ms.
Unloading 1125 Unused Serialized files (Serialized files now loaded: 0)
System memory in use before: 57.8 MB.
System memory in use after: 57.9 MB.

Unloading 21 unused Assets to reduce memory usage. Loaded Objects now: 1611.
Total: 1.781500 ms (FindLiveObjects: 0.237400 ms CreateObjectMapping: 0.050000 ms MarkObjects: 1.446700 ms  DeleteObjects: 0.046200 ms)

========================================================================
Received Prepare
Registering precompiled user dll's ...
Registered in 0.004240 seconds.
Begin MonoManager ReloadAssembly
Native extension for WindowsStandalone target not found
Refreshing native plugins compatible for Editor in 0.32 ms, found 1 plugins.
Preloading 0 native plugins for Editor in 0.00 ms.
Invoked RoslynAnalysisRunner static constructor.
RoslynAnalysisRunner will not be running.
RoslynAnalysisRunner has terminated.
Mono: successfully reloaded assembly
- Completed reload, in  0.752 seconds
Platform modules already initialized, skipping
Refreshing native plugins compatible for Editor in 0.41 ms, found 1 plugins.
Preloading 0 native plugins for Editor in 0.00 ms.
Unloading 1125 Unused Serialized files (Serialized files now loaded: 0)
System memory in use before: 57.9 MB.
System memory in use after: 57.9 MB.

Unloading 21 unused Assets to reduce memory usage. Loaded Objects now: 1614.
Total: 1.577000 ms (FindLiveObjects: 0.125500 ms CreateObjectMapping: 0.039600 ms MarkObjects: 1.362800 ms  DeleteObjects: 0.047800 ms)

========================================================================
Received Import Request.
  Time since last request: 1702.629481 seconds.
  path: Assets/Animations/Player.controller
  artifactKey: Guid(d017b92aa3707414ab81ebec1221d3a4) Importer(815301076,1909f56bfc062723c751e8b465ee728b)
Start importing Assets/Animations/Player.controller using Guid(d017b92aa3707414ab81ebec1221d3a4) Importer(815301076,1909f56bfc062723c751e8b465ee728b)  -> (artifact id: '22cd86a33767f7e06b01cf93da40d4d7') in 0.033622 seconds
  Import took 0.035432 seconds .

========================================================================
Received Prepare
Registering precompiled user dll's ...
Registered in 0.004181 seconds.
Begin MonoManager ReloadAssembly
Native extension for WindowsStandalone target not found
Refreshing native plugins compatible for Editor in 0.28 ms, found 1 plugins.
Preloading 0 native plugins for Editor in 0.00 ms.
Invoked RoslynAnalysisRunner static constructor.
RoslynAnalysisRunner will not be running.
RoslynAnalysisRunner has terminated.
Mono: successfully reloaded assembly
- Completed reload, in  0.680 seconds
Platform modules already initialized, skipping
Refreshing native plugins compatible for Editor in 0.31 ms, found 1 plugins.
Preloading 0 native plugins for Editor in 0.00 ms.
Unloading 1125 Unused Serialized files (Serialized files now loaded: 0)
System memory in use before: 57.9 MB.
System memory in use after: 57.9 MB.

Unloading 21 unused Assets to reduce memory usage. Loaded Objects now: 1617.
Total: 1.509200 ms (FindLiveObjects: 0.128500 ms CreateObjectMapping: 0.038000 ms MarkObjects: 1.298600 ms  DeleteObjects: 0.043100 ms)

========================================================================
Received Import Request.
  Time since last request: 2321.926565 seconds.
  path: Assets/Physics/No Friction.physicsMaterial2D
  artifactKey: Guid(e2a1414890735a8488a9cfe43ffcd61e) Importer(815301076,1909f56bfc062723c751e8b465ee728b)
Start importing Assets/Physics/No Friction.physicsMaterial2D using Guid(e2a1414890735a8488a9cfe43ffcd61e) Importer(815301076,1909f56bfc062723c751e8b465ee728b)  -> (artifact id: 'aa2e2a1702e4250eb7b508370fd05231') in 0.012340 seconds
  Import took 0.014070 seconds .

========================================================================
Received Import Request.
  Time since last request: 0.434217 seconds.
  path: Assets/Prefabs/Background.prefab
  artifactKey: Guid(d3071df89a1a3514eb651614f9b6eee9) Importer(815301076,1909f56bfc062723c751e8b465ee728b)
Start importing Assets/Prefabs/Background.prefab using Guid(d3071df89a1a3514eb651614f9b6eee9) Importer(815301076,1909f56bfc062723c751e8b465ee728b)  -> (artifact id: '2e10009375e48495d6b45ee3c0b501d2') in 0.105379 seconds
  Import took 0.107229 seconds .

========================================================================
Received Import Request.
  Time since last request: 0.000251 seconds.
  path: Assets/Prefabs/Key.prefab
  artifactKey: Guid(4ae7e2cb10b01644ab7616352e1a9057) Importer(815301076,1909f56bfc062723c751e8b465ee728b)
Start importing Assets/Prefabs/Key.prefab using Guid(4ae7e2cb10b01644ab7616352e1a9057) Importer(815301076,1909f56bfc062723c751e8b465ee728b)  -> (artifact id: '7df8df1599f190b4c20d55bf6aff1ef2') in 0.012892 seconds
  Import took 0.014572 seconds .

========================================================================
Received Import Request.
  Time since last request: 0.000192 seconds.
  path: Assets/Prefabs/PlatformLarge.prefab
  artifactKey: Guid(33e5bf86bc5eb8c42a423be6495b68a6) Importer(815301076,1909f56bfc062723c751e8b465ee728b)
Start importing Assets/Prefabs/PlatformLarge.prefab using Guid(33e5bf86bc5eb8c42a423be6495b68a6) Importer(815301076,1909f56bfc062723c751e8b465ee728b)  -> (artifact id: '025a98e220329118d150e0f69421ed83') in 0.012775 seconds
  Import took 0.014396 seconds .

========================================================================
Received Import Request.
  Time since last request: 0.000251 seconds.
  path: Assets/Prefabs/PlatformSmall.prefab
  artifactKey: Guid(06f8ac0139397c241bda15bac02af289) Importer(815301076,1909f56bfc062723c751e8b465ee728b)
Start importing Assets/Prefabs/PlatformSmall.prefab using Guid(06f8ac0139397c241bda15bac02af289) Importer(815301076,1909f56bfc062723c751e8b465ee728b)  -> (artifact id: '79fa271a78c6e2d45ab70351e480d3c2') in 0.014401 seconds
  Import took 0.016020 seconds .

========================================================================
Received Import Request.
  Time since last request: 0.000219 seconds.
  path: Assets/Prefabs/Door.prefab
  artifactKey: Guid(64088e387d85524408515dc5ab106f95) Importer(815301076,1909f56bfc062723c751e8b465ee728b)
Start importing Assets/Prefabs/Door.prefab using Guid(64088e387d85524408515dc5ab106f95) Importer(815301076,1909f56bfc062723c751e8b465ee728b)  -> (artifact id: '513249dd45bd5067a5d2a3c5b2435a29') in 0.012723 seconds
  Import took 0.014337 seconds .

========================================================================
Received Import Request.
  Time since last request: 0.000244 seconds.
  path: Assets/Prefabs/Player.prefab
  artifactKey: Guid(9fab65f3a396eaf4fb2c796172ea03ca) Importer(815301076,1909f56bfc062723c751e8b465ee728b)
Start importing Assets/Prefabs/Player.prefab using Guid(9fab65f3a396eaf4fb2c796172ea03ca) Importer(815301076,1909f56bfc062723c751e8b465ee728b)  -> (artifact id: '0af96a01025dce603bca4f3c8820aeb0') in 0.019213 seconds
  Import took 0.020882 seconds .

========================================================================
Received Import Request.
  Time since last request: 0.000271 seconds.
  path: Assets/Prefabs/Projectile.prefab
  artifactKey: Guid(47432e862bf999248bc35e3be9a41731) Importer(815301076,1909f56bfc062723c751e8b465ee728b)
Start importing Assets/Prefabs/Projectile.prefab using Guid(47432e862bf999248bc35e3be9a41731) Importer(815301076,1909f56bfc062723c751e8b465ee728b)  -> (artifact id: 'beed5b188d0975574b7f41968358039a') in 0.012638 seconds
  Import took 0.014311 seconds .

========================================================================
Received Import Request.
  Time since last request: 0.000197 seconds.
  path: Assets/Prefabs/Spikes.prefab
  artifactKey: Guid(d040ac796b6271f4180127a84952d130) Importer(815301076,1909f56bfc062723c751e8b465ee728b)
Start importing Assets/Prefabs/Spikes.prefab using Guid(d040ac796b6271f4180127a84952d130) Importer(815301076,1909f56bfc062723c751e8b465ee728b)  -> (artifact id: '0c61248a8a461bcd4de7f2ee8a30f5be') in 0.013779 seconds
  Import took 0.015677 seconds .

========================================================================
Received Import Request.
  Time since last request: 0.000248 seconds.
  path: Assets/Prefabs/MenuLevelButton.prefab
  artifactKey: Guid(0e5db43139d98294dbd10a8cb6c37cf9) Importer(815301076,1909f56bfc062723c751e8b465ee728b)
Start importing Assets/Prefabs/MenuLevelButton.prefab using Guid(0e5db43139d98294dbd10a8cb6c37cf9) Importer(815301076,1909f56bfc062723c751e8b465ee728b)  -> (artifact id: '674e1f575e3c751ec3f846028d39876f') in 0.019868 seconds
  Import took 0.021618 seconds .

========================================================================
Received Import Request.
  Time since last request: 0.000212 seconds.
  path: Assets/Prefabs/Enemy.prefab
  artifactKey: Guid(ffdbf84fafc464c4eac31173f8bd9249) Importer(815301076,1909f56bfc062723c751e8b465ee728b)
Start importing Assets/Prefabs/Enemy.prefab using Guid(ffdbf84fafc464c4eac31173f8bd9249) Importer(815301076,1909f56bfc062723c751e8b465ee728b)  -> (artifact id: '4ef9630eb8436ed9fb5ee6294a9be4c5') in 0.016215 seconds
  Import took 0.017905 seconds .

========================================================================
Received Import Request.
  Time since last request: 0.000162 seconds.
  path: Assets/Prefabs/ProjectilesPickup.prefab
  artifactKey: Guid(31269256cca389d4eaca33974334bd7e) Importer(815301076,1909f56bfc062723c751e8b465ee728b)
Start importing Assets/Prefabs/ProjectilesPickup.prefab using Guid(31269256cca389d4eaca33974334bd7e) Importer(815301076,1909f56bfc062723c751e8b465ee728b)  -> (artifact id: 'b7483497c6e16d22aeeff011504f2785') in 0.018925 seconds
  Import took 0.020551 seconds .

========================================================================
Received Import Request.
  Time since last request: 0.000217 seconds.
  path: Assets/Prefabs/Objective.prefab
  artifactKey: Guid(d59fc136b0b51ab41b3a7dfbf202fdc5) Importer(815301076,1909f56bfc062723c751e8b465ee728b)
Start importing Assets/Prefabs/Objective.prefab using Guid(d59fc136b0b51ab41b3a7dfbf202fdc5) Importer(815301076,1909f56bfc062723c751e8b465ee728b)  -> (artifact id: '5b1aab30ca359e3dc00197cfdc7bbced') in 0.012872 seconds
  Import took 0.014568 seconds .

========================================================================
Received Import Request.
  Time since last request: 0.002129 seconds.
  path: Assets/Prefabs/Objective.prefab
  artifactKey: Guid(d59fc136b0b51ab41b3a7dfbf202fdc5) Importer(815301076,1909f56bfc062723c751e8b465ee728b)
Start importing Assets/Prefabs/Objective.prefab using Guid(d59fc136b0b51ab41b3a7dfbf202fdc5) Importer(815301076,1909f56bfc062723c751e8b465ee728b)  -> (artifact id: '5b1aab30ca359e3dc00197cfdc7bbced') in 0.006889 seconds
  Import took 0.008663 seconds .

AssetImportWorkerClient::OnTransportError - code=2 error=End of file
